SF:lib\thermostat.dart
DA:8,3
DA:10,2
DA:13,2
DA:14,2
DA:15,1
DA:18,2
DA:19,1
DA:22,2
DA:23,4
DA:27,2
DA:29,4
DA:32,6
LF:12
LH:12
end_of_record
SF:lib\main.dart
DA:7,0
DA:10,0
DA:15,0
DA:17,0
DA:18,0
DA:20,0
DA:26,1
DA:28,1
DA:30,1
DA:32,1
DA:33,2
DA:40,1
DA:42,1
DA:43,1
DA:51,1
DA:52,2
DA:53,1
DA:55,4
DA:59,0
DA:60,0
DA:61,0
DA:65,0
DA:67,0
DA:68,0
DA:72,1
DA:74,1
DA:75,1
DA:76,1
DA:78,1
DA:80,1
DA:83,1
DA:84,1
DA:85,3
DA:90,1
DA:91,1
DA:99,1
DA:100,1
DA:104,2
DA:105,1
DA:107,1
DA:108,1
LF:41
LH:29
end_of_record
